<?xml version="1.0" encoding="UTF-8"?>
<!-- Generated by org.testng.reporters.JUnitXMLReporter -->
<testsuite hostname="DESKTOP-35IGFJA" ignored="0" name="Default test" tests="4" failures="0" timestamp="17 Feb 2019 16:31:12 GMT" time="43.954" errors="0">
  <testcase name="login" time="5.399" classname="test.HRMTestCase"/>
  <testcase name="applyLeave" time="12.184" classname="test.HRMTestCase"/>
  <testcase name="checkLeave" time="13.726" classname="test.HRMTestCase"/>
  <testcase name="expense" time="1.917" classname="test.HRMTestCase"/>
</testsuite> <!-- Default test -->
