<?xml version="1.0" encoding="UTF-8"?>
<!-- Generated by org.testng.reporters.JUnitXMLReporter -->
<testsuite hostname="DESKTOP-35IGFJA" ignored="0" name="Test" tests="4" failures="0" timestamp="11 Mar 2019 17:05:24 GMT" time="170.906" errors="0">
  <testcase name="login" time="17.943" classname="test.HRMTestCase"/>
  <testcase name="applyLeave" time="25.874" classname="test.HRMTestCase"/>
  <testcase name="checkLeave" time="19.63" classname="test.HRMTestCase"/>
  <testcase name="expense" time="101.53" classname="test.HRMTestCase"/>
</testsuite> <!-- Test -->
